${HH:mm:ss.SSS}[main]org.testng.internal.Utils-[TestNG] Running:
  C:\Users\HP\eclipse-workspace\Guru99\testng.xml

${HH:mm:ss.SSS}[main]org.testng.internal.Utils-[TestNG] Running:
  C:\Users\HP\eclipse-workspace\Guru99\testng.xml

${HH:mm:ss.SSS}[main]org.testng.internal.Utils-[TestNG] Running:
  C:\Users\HP\eclipse-workspace\Guru99\testng.xml

${HH:mm:ss.SSS}[main]org.testng.internal.Utils-[TestNG] Running:
  C:\Users\HP\eclipse-workspace\Guru99\testng.xml

${HH:mm:ss.SSS}[main]org.testng.internal.Utils-[TestNG] Running:
  C:\Users\HP\eclipse-workspace\Guru99\testng.xml

${HH:mm:ss.SSS}[main]testCases.TC_001_LoginTest------** Starting TC_001_LoginTest **-----
${HH:mm:ss.SSS}[main]testCases.TC_001_LoginTest-User Name Entered
${HH:mm:ss.SSS}[main]testCases.TC_001_LoginTest-Password Entered
${HH:mm:ss.SSS}[main]testCases.TC_001_LoginTest-Clicked on Login Button
${HH:mm:ss.SSS}[main]testCases.TC_001_LoginTest------** Test Case PASSED **-----
${HH:mm:ss.SSS}[AsyncHttpClient-1-4]org.asynchttpclient.netty.handler.WebSocketHandler-onError
java.net.SocketException: Connection reset
	at sun.nio.ch.SocketChannelImpl.throwConnectionReset(SocketChannelImpl.java:394) ~[?:?]
	at sun.nio.ch.SocketChannelImpl.read(SocketChannelImpl.java:426) ~[?:?]
	at io.netty.buffer.PooledByteBuf.setBytes(PooledByteBuf.java:259) ~[netty-buffer-4.1.87.Final.jar:4.1.87.Final]
	at io.netty.buffer.AbstractByteBuf.writeBytes(AbstractByteBuf.java:1132) ~[netty-buffer-4.1.87.Final.jar:4.1.87.Final]
	at io.netty.channel.socket.nio.NioSocketChannel.doReadBytes(NioSocketChannel.java:357) ~[netty-transport-4.1.87.Final.jar:4.1.87.Final]
	at io.netty.channel.nio.AbstractNioByteChannel$NioByteUnsafe.read(AbstractNioByteChannel.java:151) ~[netty-transport-4.1.87.Final.jar:4.1.87.Final]
	at io.netty.channel.nio.NioEventLoop.processSelectedKey(NioEventLoop.java:788) ~[netty-transport-4.1.87.Final.jar:4.1.87.Final]
	at io.netty.channel.nio.NioEventLoop.processSelectedKeysOptimized(NioEventLoop.java:724) ~[netty-transport-4.1.87.Final.jar:4.1.87.Final]
	at io.netty.channel.nio.NioEventLoop.processSelectedKeys(NioEventLoop.java:650) ~[netty-transport-4.1.87.Final.jar:4.1.87.Final]
	at io.netty.channel.nio.NioEventLoop.run(NioEventLoop.java:562) ~[netty-transport-4.1.87.Final.jar:4.1.87.Final]
	at io.netty.util.concurrent.SingleThreadEventExecutor$4.run(SingleThreadEventExecutor.java:997) ~[netty-common-4.1.87.Final.jar:4.1.87.Final]
	at io.netty.util.internal.ThreadExecutorMap$2.run(ThreadExecutorMap.java:74) ~[netty-common-4.1.87.Final.jar:4.1.87.Final]
	at io.netty.util.concurrent.FastThreadLocalRunnable.run(FastThreadLocalRunnable.java:30) ~[netty-common-4.1.87.Final.jar:4.1.87.Final]
	at java.lang.Thread.run(Thread.java:833) ~[?:?]
